[layer_00.down] calls=282 zero_ratio=0.051691 two_zeros_ratio=0.069800
[layer_00.gate] calls=282 zero_ratio=0.052734 two_zeros_ratio=0.069678
[layer_00.k] calls=282 zero_ratio=0.090301 two_zeros_ratio=0.099752
[layer_00.o] calls=282 zero_ratio=0.065096 two_zeros_ratio=0.078602
[layer_00.q] calls=282 zero_ratio=0.093071 two_zeros_ratio=0.099962
[layer_00.up] calls=282 zero_ratio=0.058583 two_zeros_ratio=0.077230
[layer_00.v] calls=282 zero_ratio=0.058795 two_zeros_ratio=0.079836
[layer_01.down] calls=282 zero_ratio=0.053784 two_zeros_ratio=0.072599
[layer_01.gate] calls=282 zero_ratio=0.051612 two_zeros_ratio=0.069214
[layer_01.k] calls=282 zero_ratio=0.051332 two_zeros_ratio=0.068584
[layer_01.o] calls=282 zero_ratio=0.052490 two_zeros_ratio=0.066039
[layer_01.q] calls=282 zero_ratio=0.051332 two_zeros_ratio=0.068584
[layer_01.up] calls=282 zero_ratio=0.051612 two_zeros_ratio=0.069214
[layer_01.v] calls=282 zero_ratio=0.051332 two_zeros_ratio=0.068584
[layer_02.down] calls=282 zero_ratio=0.053323 two_zeros_ratio=0.072665
[layer_02.gate] calls=282 zero_ratio=0.050773 two_zeros_ratio=0.068381
[layer_02.k] calls=282 zero_ratio=0.051324 two_zeros_ratio=0.069077
[layer_02.o] calls=282 zero_ratio=0.050097 two_zeros_ratio=0.061511
[layer_02.q] calls=282 zero_ratio=0.051324 two_zeros_ratio=0.069077
[layer_02.up] calls=282 zero_ratio=0.050773 two_zeros_ratio=0.068381
[layer_02.v] calls=282 zero_ratio=0.051324 two_zeros_ratio=0.069077
[layer_03.down] calls=282 zero_ratio=0.054160 two_zeros_ratio=0.074162
[layer_03.gate] calls=282 zero_ratio=0.064531 two_zeros_ratio=0.085727
[layer_03.k] calls=282 zero_ratio=0.051807 two_zeros_ratio=0.069845
[layer_03.o] calls=282 zero_ratio=0.064348 two_zeros_ratio=0.076277
[layer_03.q] calls=282 zero_ratio=0.060337 two_zeros_ratio=0.081056
[layer_03.up] calls=282 zero_ratio=0.052330 two_zeros_ratio=0.070844
[layer_03.v] calls=282 zero_ratio=0.051177 two_zeros_ratio=0.068928
[layer_04.down] calls=282 zero_ratio=0.055012 two_zeros_ratio=0.075513
[layer_04.gate] calls=282 zero_ratio=0.051457 two_zeros_ratio=0.069683
[layer_04.k] calls=282 zero_ratio=0.051024 two_zeros_ratio=0.068776
[layer_04.o] calls=282 zero_ratio=0.052051 two_zeros_ratio=0.061990
[layer_04.q] calls=282 zero_ratio=0.051024 two_zeros_ratio=0.068776
[layer_04.up] calls=282 zero_ratio=0.051457 two_zeros_ratio=0.069683
[layer_04.v] calls=282 zero_ratio=0.051024 two_zeros_ratio=0.068776
[layer_05.down] calls=282 zero_ratio=0.053149 two_zeros_ratio=0.073055
[layer_05.gate] calls=282 zero_ratio=0.051095 two_zeros_ratio=0.069191
[layer_05.k] calls=282 zero_ratio=0.050735 two_zeros_ratio=0.068239
[layer_05.o] calls=282 zero_ratio=0.043713 two_zeros_ratio=0.051793
[layer_05.q] calls=282 zero_ratio=0.050735 two_zeros_ratio=0.068239
[layer_05.up] calls=282 zero_ratio=0.051095 two_zeros_ratio=0.069191
[layer_05.v] calls=282 zero_ratio=0.050735 two_zeros_ratio=0.068239
[layer_06.down] calls=282 zero_ratio=0.053155 two_zeros_ratio=0.073104
[layer_06.gate] calls=282 zero_ratio=0.050211 two_zeros_ratio=0.067945
[layer_06.k] calls=282 zero_ratio=0.061190 two_zeros_ratio=0.082128
[layer_06.o] calls=282 zero_ratio=0.047532 two_zeros_ratio=0.057136
[layer_06.q] calls=282 zero_ratio=0.078662 two_zeros_ratio=0.096225
[layer_06.up] calls=282 zero_ratio=0.053102 two_zeros_ratio=0.072165
[layer_06.v] calls=282 zero_ratio=0.088582 two_zeros_ratio=0.099350
[layer_07.down] calls=282 zero_ratio=0.051266 two_zeros_ratio=0.070475
[layer_07.gate] calls=282 zero_ratio=0.049909 two_zeros_ratio=0.067423
[layer_07.k] calls=282 zero_ratio=0.049054 two_zeros_ratio=0.065692
[layer_07.o] calls=282 zero_ratio=0.046949 two_zeros_ratio=0.059253
[layer_07.q] calls=282 zero_ratio=0.049054 two_zeros_ratio=0.065692
[layer_07.up] calls=282 zero_ratio=0.049909 two_zeros_ratio=0.067423
[layer_07.v] calls=282 zero_ratio=0.049054 two_zeros_ratio=0.065692
[layer_08.down] calls=282 zero_ratio=0.052944 two_zeros_ratio=0.072840
[layer_08.gate] calls=282 zero_ratio=0.049411 two_zeros_ratio=0.066759
[layer_08.k] calls=282 zero_ratio=0.048288 two_zeros_ratio=0.064555
[layer_08.o] calls=282 zero_ratio=0.047986 two_zeros_ratio=0.060768
[layer_08.q] calls=282 zero_ratio=0.048288 two_zeros_ratio=0.064555
[layer_08.up] calls=282 zero_ratio=0.049411 two_zeros_ratio=0.066759
[layer_08.v] calls=282 zero_ratio=0.048288 two_zeros_ratio=0.064555
[layer_09.down] calls=282 zero_ratio=0.053072 two_zeros_ratio=0.073046
[layer_09.gate] calls=282 zero_ratio=0.049705 two_zeros_ratio=0.067231
[layer_09.k] calls=282 zero_ratio=0.048252 two_zeros_ratio=0.064532
[layer_09.o] calls=282 zero_ratio=0.047126 two_zeros_ratio=0.059361
[layer_09.q] calls=282 zero_ratio=0.048252 two_zeros_ratio=0.064532
[layer_09.up] calls=282 zero_ratio=0.049705 two_zeros_ratio=0.067231
[layer_09.v] calls=282 zero_ratio=0.048252 two_zeros_ratio=0.064532
[layer_10.down] calls=282 zero_ratio=0.052725 two_zeros_ratio=0.072540
[layer_10.gate] calls=282 zero_ratio=0.049514 two_zeros_ratio=0.066997
[layer_10.k] calls=282 zero_ratio=0.048059 two_zeros_ratio=0.064226
[layer_10.o] calls=282 zero_ratio=0.041147 two_zeros_ratio=0.049623
[layer_10.q] calls=282 zero_ratio=0.048059 two_zeros_ratio=0.064226
[layer_10.up] calls=282 zero_ratio=0.049514 two_zeros_ratio=0.066997
[layer_10.v] calls=282 zero_ratio=0.048059 two_zeros_ratio=0.064226
[layer_11.down] calls=282 zero_ratio=0.051584 two_zeros_ratio=0.070919
[layer_11.gate] calls=282 zero_ratio=0.048769 two_zeros_ratio=0.065902
[layer_11.k] calls=282 zero_ratio=0.047647 two_zeros_ratio=0.063626
[layer_11.o] calls=282 zero_ratio=0.045454 two_zeros_ratio=0.057413
[layer_11.q] calls=282 zero_ratio=0.047647 two_zeros_ratio=0.063626
[layer_11.up] calls=282 zero_ratio=0.048769 two_zeros_ratio=0.065902
[layer_11.v] calls=282 zero_ratio=0.047647 two_zeros_ratio=0.063626
[layer_12.down] calls=282 zero_ratio=0.050550 two_zeros_ratio=0.069448
[layer_12.gate] calls=282 zero_ratio=0.048001 two_zeros_ratio=0.064632
[layer_12.k] calls=282 zero_ratio=0.047915 two_zeros_ratio=0.064061
[layer_12.o] calls=282 zero_ratio=0.047058 two_zeros_ratio=0.060261
[layer_12.q] calls=282 zero_ratio=0.047915 two_zeros_ratio=0.064061
[layer_12.up] calls=282 zero_ratio=0.048001 two_zeros_ratio=0.064632
[layer_12.v] calls=282 zero_ratio=0.047915 two_zeros_ratio=0.064061
[layer_13.down] calls=282 zero_ratio=0.050974 two_zeros_ratio=0.070013
[layer_13.gate] calls=282 zero_ratio=0.047814 two_zeros_ratio=0.064350
[layer_13.k] calls=282 zero_ratio=0.046335 two_zeros_ratio=0.061513
[layer_13.o] calls=282 zero_ratio=0.045205 two_zeros_ratio=0.054874
[layer_13.q] calls=282 zero_ratio=0.046335 two_zeros_ratio=0.061513
[layer_13.up] calls=282 zero_ratio=0.047814 two_zeros_ratio=0.064350
[layer_13.v] calls=282 zero_ratio=0.046335 two_zeros_ratio=0.061513
[layer_14.down] calls=282 zero_ratio=0.051231 two_zeros_ratio=0.070424
[layer_14.gate] calls=282 zero_ratio=0.047853 two_zeros_ratio=0.064385
[layer_14.k] calls=282 zero_ratio=0.046651 two_zeros_ratio=0.062020
[layer_14.o] calls=282 zero_ratio=0.044354 two_zeros_ratio=0.054244
[layer_14.q] calls=282 zero_ratio=0.068552 two_zeros_ratio=0.089644
[layer_14.up] calls=282 zero_ratio=0.047853 two_zeros_ratio=0.064385
[layer_14.v] calls=282 zero_ratio=0.046651 two_zeros_ratio=0.062020
[layer_15.down] calls=282 zero_ratio=0.057298 two_zeros_ratio=0.078618
[layer_15.gate] calls=282 zero_ratio=0.047727 two_zeros_ratio=0.064336
[layer_15.k] calls=282 zero_ratio=0.046872 two_zeros_ratio=0.062379
[layer_15.o] calls=282 zero_ratio=0.046764 two_zeros_ratio=0.054397
[layer_15.q] calls=282 zero_ratio=0.062197 two_zeros_ratio=0.083441
[layer_15.up] calls=282 zero_ratio=0.047727 two_zeros_ratio=0.064336
[layer_15.v] calls=282 zero_ratio=0.052784 two_zeros_ratio=0.071418
[layer_16.down] calls=282 zero_ratio=0.051710 two_zeros_ratio=0.071038
[layer_16.gate] calls=282 zero_ratio=0.048219 two_zeros_ratio=0.065165
[layer_16.k] calls=282 zero_ratio=0.047756 two_zeros_ratio=0.063819
[layer_16.o] calls=282 zero_ratio=0.044136 two_zeros_ratio=0.051536
[layer_16.q] calls=282 zero_ratio=0.047756 two_zeros_ratio=0.063819
[layer_16.up] calls=282 zero_ratio=0.048219 two_zeros_ratio=0.065165
[layer_16.v] calls=282 zero_ratio=0.047756 two_zeros_ratio=0.063819
[layer_17.down] calls=282 zero_ratio=0.052072 two_zeros_ratio=0.071514
[layer_17.gate] calls=282 zero_ratio=0.048148 two_zeros_ratio=0.065172
[layer_17.k] calls=282 zero_ratio=0.047585 two_zeros_ratio=0.063682
[layer_17.o] calls=282 zero_ratio=0.047249 two_zeros_ratio=0.054870
[layer_17.q] calls=282 zero_ratio=0.047585 two_zeros_ratio=0.063682
[layer_17.up] calls=282 zero_ratio=0.048148 two_zeros_ratio=0.065172
[layer_17.v] calls=282 zero_ratio=0.047585 two_zeros_ratio=0.063682
[layer_18.down] calls=282 zero_ratio=0.052586 two_zeros_ratio=0.072202
[layer_18.gate] calls=282 zero_ratio=0.048279 two_zeros_ratio=0.065553
[layer_18.k] calls=282 zero_ratio=0.048281 two_zeros_ratio=0.064876
[layer_18.o] calls=282 zero_ratio=0.046070 two_zeros_ratio=0.053188
[layer_18.q] calls=282 zero_ratio=0.048281 two_zeros_ratio=0.064876
[layer_18.up] calls=282 zero_ratio=0.048279 two_zeros_ratio=0.065553
[layer_18.v] calls=282 zero_ratio=0.048281 two_zeros_ratio=0.064876
[layer_19.down] calls=282 zero_ratio=0.052627 two_zeros_ratio=0.072200
[layer_19.gate] calls=282 zero_ratio=0.048433 two_zeros_ratio=0.065861
[layer_19.k] calls=282 zero_ratio=0.048434 two_zeros_ratio=0.065242
[layer_19.o] calls=282 zero_ratio=0.046298 two_zeros_ratio=0.055940
[layer_19.q] calls=282 zero_ratio=0.048434 two_zeros_ratio=0.065242
[layer_19.up] calls=282 zero_ratio=0.048433 two_zeros_ratio=0.065861
[layer_19.v] calls=282 zero_ratio=0.048434 two_zeros_ratio=0.065242
[layer_20.down] calls=282 zero_ratio=0.052634 two_zeros_ratio=0.072192
[layer_20.gate] calls=282 zero_ratio=0.048410 two_zeros_ratio=0.065834
[layer_20.k] calls=282 zero_ratio=0.048363 two_zeros_ratio=0.065185
[layer_20.o] calls=282 zero_ratio=0.046636 two_zeros_ratio=0.055528
[layer_20.q] calls=282 zero_ratio=0.048363 two_zeros_ratio=0.065185
[layer_20.up] calls=282 zero_ratio=0.048410 two_zeros_ratio=0.065834
[layer_20.v] calls=282 zero_ratio=0.048363 two_zeros_ratio=0.065185
[layer_21.down] calls=282 zero_ratio=0.053101 two_zeros_ratio=0.072758
[layer_21.gate] calls=282 zero_ratio=0.048939 two_zeros_ratio=0.066535
[layer_21.k] calls=282 zero_ratio=0.048516 two_zeros_ratio=0.065471
[layer_21.o] calls=282 zero_ratio=0.051960 two_zeros_ratio=0.060011
[layer_21.q] calls=282 zero_ratio=0.087037 two_zeros_ratio=0.099138
[layer_21.up] calls=282 zero_ratio=0.048939 two_zeros_ratio=0.066535
[layer_21.v] calls=282 zero_ratio=0.054096 two_zeros_ratio=0.073667
[layer_22.down] calls=282 zero_ratio=0.053561 two_zeros_ratio=0.073275
[layer_22.gate] calls=282 zero_ratio=0.049457 two_zeros_ratio=0.067428
[layer_22.k] calls=282 zero_ratio=0.052435 two_zeros_ratio=0.071308
[layer_22.o] calls=282 zero_ratio=0.059216 two_zeros_ratio=0.067783
[layer_22.q] calls=282 zero_ratio=0.049469 two_zeros_ratio=0.066929
[layer_22.up] calls=282 zero_ratio=0.049457 two_zeros_ratio=0.067428
[layer_22.v] calls=282 zero_ratio=0.066786 two_zeros_ratio=0.088260
[layer_23.down] calls=282 zero_ratio=0.052846 two_zeros_ratio=0.072202
[layer_23.gate] calls=282 zero_ratio=0.058068 two_zeros_ratio=0.079223
[layer_23.k] calls=282 zero_ratio=0.099549 two_zeros_ratio=0.100100
[layer_23.o] calls=282 zero_ratio=0.062315 two_zeros_ratio=0.072406
[layer_23.q] calls=282 zero_ratio=0.050040 two_zeros_ratio=0.067790
[layer_23.up] calls=282 zero_ratio=0.052087 two_zeros_ratio=0.071273
[layer_23.v] calls=282 zero_ratio=0.050040 two_zeros_ratio=0.067790
[layer_24.down] calls=282 zero_ratio=0.053727 two_zeros_ratio=0.073397
[layer_24.gate] calls=282 zero_ratio=0.050081 two_zeros_ratio=0.068285
[layer_24.k] calls=282 zero_ratio=0.050462 two_zeros_ratio=0.068428
[layer_24.o] calls=282 zero_ratio=0.048265 two_zeros_ratio=0.060147
[layer_24.q] calls=282 zero_ratio=0.050462 two_zeros_ratio=0.068428
[layer_24.up] calls=282 zero_ratio=0.050081 two_zeros_ratio=0.068285
[layer_24.v] calls=282 zero_ratio=0.050462 two_zeros_ratio=0.068428
[layer_25.down] calls=282 zero_ratio=0.053579 two_zeros_ratio=0.073229
[layer_25.gate] calls=282 zero_ratio=0.050466 two_zeros_ratio=0.068809
[layer_25.k] calls=282 zero_ratio=0.050486 two_zeros_ratio=0.068494
[layer_25.o] calls=282 zero_ratio=0.050467 two_zeros_ratio=0.062462
[layer_25.q] calls=282 zero_ratio=0.050486 two_zeros_ratio=0.068494
[layer_25.up] calls=282 zero_ratio=0.050466 two_zeros_ratio=0.068809
[layer_25.v] calls=282 zero_ratio=0.050486 two_zeros_ratio=0.068494
[layer_26.down] calls=282 zero_ratio=0.053181 two_zeros_ratio=0.072766
[layer_26.gate] calls=282 zero_ratio=0.050715 two_zeros_ratio=0.069119
[layer_26.k] calls=282 zero_ratio=0.050513 two_zeros_ratio=0.068583
[layer_26.o] calls=282 zero_ratio=0.048434 two_zeros_ratio=0.056279
[layer_26.q] calls=282 zero_ratio=0.050513 two_zeros_ratio=0.068583
[layer_26.up] calls=282 zero_ratio=0.050715 two_zeros_ratio=0.069119
[layer_26.v] calls=282 zero_ratio=0.050513 two_zeros_ratio=0.068583
[layer_27.down] calls=282 zero_ratio=0.052870 two_zeros_ratio=0.072381
[layer_27.gate] calls=282 zero_ratio=0.050836 two_zeros_ratio=0.069290
[layer_27.k] calls=282 zero_ratio=0.050767 two_zeros_ratio=0.068946
[layer_27.o] calls=282 zero_ratio=0.050213 two_zeros_ratio=0.057881
[layer_27.q] calls=282 zero_ratio=0.050767 two_zeros_ratio=0.068946
[layer_27.up] calls=282 zero_ratio=0.050836 two_zeros_ratio=0.069290
[layer_27.v] calls=282 zero_ratio=0.050767 two_zeros_ratio=0.068946
[layer_28.down] calls=282 zero_ratio=0.052298 two_zeros_ratio=0.071713
[layer_28.gate] calls=282 zero_ratio=0.050694 two_zeros_ratio=0.069119
[layer_28.k] calls=282 zero_ratio=0.050740 two_zeros_ratio=0.068939
[layer_28.o] calls=282 zero_ratio=0.046962 two_zeros_ratio=0.054689
[layer_28.q] calls=282 zero_ratio=0.050740 two_zeros_ratio=0.068939
[layer_28.up] calls=282 zero_ratio=0.050694 two_zeros_ratio=0.069119
[layer_28.v] calls=282 zero_ratio=0.050740 two_zeros_ratio=0.068939
[layer_29.down] calls=282 zero_ratio=0.052204 two_zeros_ratio=0.071658
[layer_29.gate] calls=282 zero_ratio=0.050860 two_zeros_ratio=0.069307
[layer_29.k] calls=282 zero_ratio=0.050824 two_zeros_ratio=0.069073
[layer_29.o] calls=282 zero_ratio=0.050922 two_zeros_ratio=0.058423
[layer_29.q] calls=282 zero_ratio=0.050824 two_zeros_ratio=0.069073
[layer_29.up] calls=282 zero_ratio=0.050860 two_zeros_ratio=0.069307
[layer_29.v] calls=282 zero_ratio=0.050824 two_zeros_ratio=0.069073
[layer_30.down] calls=282 zero_ratio=0.051827 two_zeros_ratio=0.071081
[layer_30.gate] calls=282 zero_ratio=0.050125 two_zeros_ratio=0.068270
[layer_30.k] calls=282 zero_ratio=0.059803 two_zeros_ratio=0.081103
[layer_30.o] calls=282 zero_ratio=0.047305 two_zeros_ratio=0.056850
[layer_30.q] calls=282 zero_ratio=0.050509 two_zeros_ratio=0.068618
[layer_30.up] calls=282 zero_ratio=0.050125 two_zeros_ratio=0.068270
[layer_30.v] calls=282 zero_ratio=0.050509 two_zeros_ratio=0.068618
[layer_31.down] calls=282 zero_ratio=0.051078 two_zeros_ratio=0.070016
[layer_31.gate] calls=282 zero_ratio=0.050393 two_zeros_ratio=0.068566
[layer_31.k] calls=282 zero_ratio=0.050658 two_zeros_ratio=0.068766
[layer_31.o] calls=282 zero_ratio=0.047647 two_zeros_ratio=0.056221
[layer_31.q] calls=282 zero_ratio=0.050658 two_zeros_ratio=0.068766
[layer_31.up] calls=282 zero_ratio=0.050393 two_zeros_ratio=0.068566
[layer_31.v] calls=282 zero_ratio=0.050658 two_zeros_ratio=0.068766

[avg.down] calls=9024 zero_ratio=0.052744 two_zeros_ratio=0.072276
[avg.gate] calls=9024 zero_ratio=0.050414 two_zeros_ratio=0.068230
[avg.k] calls=9024 zero_ratio=0.052874 two_zeros_ratio=0.069407
[avg.o] calls=9024 zero_ratio=0.049421 two_zeros_ratio=0.059305
[avg.q] calls=9024 zero_ratio=0.054210 two_zeros_ratio=0.071241
[avg.up] calls=9024 zero_ratio=0.050119 two_zeros_ratio=0.067885
[avg.v] calls=9024 zero_ratio=0.051695 two_zeros_ratio=0.068963
