[layer_00.down] calls=282 zero_ratio=0.510111 two_zeros_ratio=0.688801
[layer_00.gate] calls=282 zero_ratio=0.513832 two_zeros_ratio=0.688489
[layer_00.k] calls=282 zero_ratio=0.893470 two_zeros_ratio=0.986817
[layer_00.o] calls=282 zero_ratio=0.628096 two_zeros_ratio=0.767902
[layer_00.q] calls=282 zero_ratio=0.920827 two_zeros_ratio=0.988900
[layer_00.up] calls=282 zero_ratio=0.571702 two_zeros_ratio=0.763249
[layer_00.v] calls=282 zero_ratio=0.582128 two_zeros_ratio=0.790150
[layer_01.down] calls=282 zero_ratio=0.530546 two_zeros_ratio=0.716563
[layer_01.gate] calls=282 zero_ratio=0.503107 two_zeros_ratio=0.683872
[layer_01.k] calls=282 zero_ratio=0.500300 two_zeros_ratio=0.678491
[layer_01.o] calls=282 zero_ratio=0.511714 two_zeros_ratio=0.647850
[layer_01.q] calls=282 zero_ratio=0.500300 two_zeros_ratio=0.678491
[layer_01.up] calls=282 zero_ratio=0.503107 two_zeros_ratio=0.683872
[layer_01.v] calls=282 zero_ratio=0.500300 two_zeros_ratio=0.678491
[layer_02.down] calls=282 zero_ratio=0.525604 two_zeros_ratio=0.716326
[layer_02.gate] calls=282 zero_ratio=0.495890 two_zeros_ratio=0.676584
[layer_02.k] calls=282 zero_ratio=0.500138 two_zeros_ratio=0.682934
[layer_02.o] calls=282 zero_ratio=0.492242 two_zeros_ratio=0.604938
[layer_02.q] calls=282 zero_ratio=0.500138 two_zeros_ratio=0.682934
[layer_02.up] calls=282 zero_ratio=0.495890 two_zeros_ratio=0.676584
[layer_02.v] calls=282 zero_ratio=0.500138 two_zeros_ratio=0.682934
[layer_03.down] calls=282 zero_ratio=0.531224 two_zeros_ratio=0.727668
[layer_03.gate] calls=282 zero_ratio=0.627782 two_zeros_ratio=0.843945
[layer_03.k] calls=282 zero_ratio=0.502134 two_zeros_ratio=0.687537
[layer_03.o] calls=282 zero_ratio=0.631292 two_zeros_ratio=0.748091
[layer_03.q] calls=282 zero_ratio=0.586437 two_zeros_ratio=0.799061
[layer_03.up] calls=282 zero_ratio=0.507381 two_zeros_ratio=0.695174
[layer_03.v] calls=282 zero_ratio=0.495910 two_zeros_ratio=0.678429
[layer_04.down] calls=282 zero_ratio=0.537262 two_zeros_ratio=0.737911
[layer_04.gate] calls=282 zero_ratio=0.498824 two_zeros_ratio=0.683883
[layer_04.k] calls=282 zero_ratio=0.493958 two_zeros_ratio=0.676905
[layer_04.o] calls=282 zero_ratio=0.508641 two_zeros_ratio=0.606318
[layer_04.q] calls=282 zero_ratio=0.493958 two_zeros_ratio=0.676905
[layer_04.up] calls=282 zero_ratio=0.498824 two_zeros_ratio=0.683883
[layer_04.v] calls=282 zero_ratio=0.493958 two_zeros_ratio=0.676905
[layer_05.down] calls=282 zero_ratio=0.522375 two_zeros_ratio=0.718139
[layer_05.gate] calls=282 zero_ratio=0.495676 two_zeros_ratio=0.679707
[layer_05.k] calls=282 zero_ratio=0.490966 two_zeros_ratio=0.672597
[layer_05.o] calls=282 zero_ratio=0.438760 two_zeros_ratio=0.520547
[layer_05.q] calls=282 zero_ratio=0.490966 two_zeros_ratio=0.672597
[layer_05.up] calls=282 zero_ratio=0.495676 two_zeros_ratio=0.679707
[layer_05.v] calls=282 zero_ratio=0.490966 two_zeros_ratio=0.672597
[layer_06.down] calls=282 zero_ratio=0.523227 two_zeros_ratio=0.719546
[layer_06.gate] calls=282 zero_ratio=0.488319 two_zeros_ratio=0.669134
[layer_06.k] calls=282 zero_ratio=0.594150 two_zeros_ratio=0.811128
[layer_06.o] calls=282 zero_ratio=0.468851 two_zeros_ratio=0.563228
[layer_06.q] calls=282 zero_ratio=0.766969 two_zeros_ratio=0.951349
[layer_06.up] calls=282 zero_ratio=0.516848 two_zeros_ratio=0.711018
[layer_06.v] calls=282 zero_ratio=0.865344 two_zeros_ratio=0.982602
[layer_07.down] calls=282 zero_ratio=0.504453 two_zeros_ratio=0.693305
[layer_07.gate] calls=282 zero_ratio=0.486039 two_zeros_ratio=0.665811
[layer_07.k] calls=282 zero_ratio=0.475397 two_zeros_ratio=0.649900
[layer_07.o] calls=282 zero_ratio=0.467165 two_zeros_ratio=0.588967
[layer_07.q] calls=282 zero_ratio=0.475397 two_zeros_ratio=0.649900
[layer_07.up] calls=282 zero_ratio=0.486039 two_zeros_ratio=0.665811
[layer_07.v] calls=282 zero_ratio=0.475397 two_zeros_ratio=0.649900
[layer_08.down] calls=282 zero_ratio=0.522029 two_zeros_ratio=0.718203
[layer_08.gate] calls=282 zero_ratio=0.481591 two_zeros_ratio=0.659386
[layer_08.k] calls=282 zero_ratio=0.468813 two_zeros_ratio=0.639871
[layer_08.o] calls=282 zero_ratio=0.483081 two_zeros_ratio=0.611258
[layer_08.q] calls=282 zero_ratio=0.468813 two_zeros_ratio=0.639871
[layer_08.up] calls=282 zero_ratio=0.481591 two_zeros_ratio=0.659386
[layer_08.v] calls=282 zero_ratio=0.468813 two_zeros_ratio=0.639871
[layer_09.down] calls=282 zero_ratio=0.526358 two_zeros_ratio=0.724421
[layer_09.gate] calls=282 zero_ratio=0.484594 two_zeros_ratio=0.664159
[layer_09.k] calls=282 zero_ratio=0.469113 two_zeros_ratio=0.640499
[layer_09.o] calls=282 zero_ratio=0.477446 two_zeros_ratio=0.602031
[layer_09.q] calls=282 zero_ratio=0.469113 two_zeros_ratio=0.640499
[layer_09.up] calls=282 zero_ratio=0.484594 two_zeros_ratio=0.664159
[layer_09.v] calls=282 zero_ratio=0.469113 two_zeros_ratio=0.640499
[layer_10.down] calls=282 zero_ratio=0.523090 two_zeros_ratio=0.719740
[layer_10.gate] calls=282 zero_ratio=0.482860 two_zeros_ratio=0.661582
[layer_10.k] calls=282 zero_ratio=0.468269 two_zeros_ratio=0.639144
[layer_10.o] calls=282 zero_ratio=0.425740 two_zeros_ratio=0.515348
[layer_10.q] calls=282 zero_ratio=0.468269 two_zeros_ratio=0.639144
[layer_10.up] calls=282 zero_ratio=0.482860 two_zeros_ratio=0.661582
[layer_10.v] calls=282 zero_ratio=0.468269 two_zeros_ratio=0.639144
[layer_11.down] calls=282 zero_ratio=0.510659 two_zeros_ratio=0.702096
[layer_11.gate] calls=282 zero_ratio=0.476954 two_zeros_ratio=0.652492
[layer_11.k] calls=282 zero_ratio=0.463405 two_zeros_ratio=0.631372
[layer_11.o] calls=282 zero_ratio=0.458550 two_zeros_ratio=0.581821
[layer_11.q] calls=282 zero_ratio=0.463405 two_zeros_ratio=0.631372
[layer_11.up] calls=282 zero_ratio=0.476954 two_zeros_ratio=0.652492
[layer_11.v] calls=282 zero_ratio=0.463405 two_zeros_ratio=0.631372
[layer_12.down] calls=282 zero_ratio=0.504242 two_zeros_ratio=0.693083
[layer_12.gate] calls=282 zero_ratio=0.470071 two_zeros_ratio=0.641668
[layer_12.k] calls=282 zero_ratio=0.465534 two_zeros_ratio=0.634740
[layer_12.o] calls=282 zero_ratio=0.474773 two_zeros_ratio=0.608193
[layer_12.q] calls=282 zero_ratio=0.465534 two_zeros_ratio=0.634740
[layer_12.up] calls=282 zero_ratio=0.470071 two_zeros_ratio=0.641668
[layer_12.v] calls=282 zero_ratio=0.465534 two_zeros_ratio=0.634740
[layer_13.down] calls=282 zero_ratio=0.506343 two_zeros_ratio=0.695662
[layer_13.gate] calls=282 zero_ratio=0.469735 two_zeros_ratio=0.641141
[layer_13.k] calls=282 zero_ratio=0.452445 two_zeros_ratio=0.613817
[layer_13.o] calls=282 zero_ratio=0.460242 two_zeros_ratio=0.560406
[layer_13.q] calls=282 zero_ratio=0.452445 two_zeros_ratio=0.613817
[layer_13.up] calls=282 zero_ratio=0.469735 two_zeros_ratio=0.641141
[layer_13.v] calls=282 zero_ratio=0.452445 two_zeros_ratio=0.613817
[layer_14.down] calls=282 zero_ratio=0.508817 two_zeros_ratio=0.699621
[layer_14.gate] calls=282 zero_ratio=0.470099 two_zeros_ratio=0.641722
[layer_14.k] calls=282 zero_ratio=0.455897 two_zeros_ratio=0.619211
[layer_14.o] calls=282 zero_ratio=0.455351 two_zeros_ratio=0.558103
[layer_14.q] calls=282 zero_ratio=0.673365 two_zeros_ratio=0.890374
[layer_14.up] calls=282 zero_ratio=0.470099 two_zeros_ratio=0.641722
[layer_14.v] calls=282 zero_ratio=0.455897 two_zeros_ratio=0.619211
[layer_15.down] calls=282 zero_ratio=0.569351 two_zeros_ratio=0.780889
[layer_15.gate] calls=282 zero_ratio=0.469790 two_zeros_ratio=0.641236
[layer_15.k] calls=282 zero_ratio=0.457764 two_zeros_ratio=0.622224
[layer_15.o] calls=282 zero_ratio=0.462929 two_zeros_ratio=0.539457
[layer_15.q] calls=282 zero_ratio=0.609983 two_zeros_ratio=0.829504
[layer_15.up] calls=282 zero_ratio=0.469790 two_zeros_ratio=0.641236
[layer_15.v] calls=282 zero_ratio=0.516579 two_zeros_ratio=0.711495
[layer_16.down] calls=282 zero_ratio=0.512848 two_zeros_ratio=0.704594
[layer_16.gate] calls=282 zero_ratio=0.474852 two_zeros_ratio=0.649089
[layer_16.k] calls=282 zero_ratio=0.466761 two_zeros_ratio=0.636389
[layer_16.o] calls=282 zero_ratio=0.438556 two_zeros_ratio=0.513097
[layer_16.q] calls=282 zero_ratio=0.466761 two_zeros_ratio=0.636389
[layer_16.up] calls=282 zero_ratio=0.474852 two_zeros_ratio=0.649089
[layer_16.v] calls=282 zero_ratio=0.466761 two_zeros_ratio=0.636389
[layer_17.down] calls=282 zero_ratio=0.516815 two_zeros_ratio=0.709848
[layer_17.gate] calls=282 zero_ratio=0.475054 two_zeros_ratio=0.649390
[layer_17.k] calls=282 zero_ratio=0.466172 two_zeros_ratio=0.635581
[layer_17.o] calls=282 zero_ratio=0.469237 two_zeros_ratio=0.547025
[layer_17.q] calls=282 zero_ratio=0.466172 two_zeros_ratio=0.635581
[layer_17.up] calls=282 zero_ratio=0.475054 two_zeros_ratio=0.649390
[layer_17.v] calls=282 zero_ratio=0.466172 two_zeros_ratio=0.635581
[layer_18.down] calls=282 zero_ratio=0.522232 two_zeros_ratio=0.717153
[layer_18.gate] calls=282 zero_ratio=0.477680 two_zeros_ratio=0.653500
[layer_18.k] calls=282 zero_ratio=0.473676 two_zeros_ratio=0.647326
[layer_18.o] calls=282 zero_ratio=0.455240 two_zeros_ratio=0.527575
[layer_18.q] calls=282 zero_ratio=0.473676 two_zeros_ratio=0.647326
[layer_18.up] calls=282 zero_ratio=0.477680 two_zeros_ratio=0.653500
[layer_18.v] calls=282 zero_ratio=0.473676 two_zeros_ratio=0.647326
[layer_19.down] calls=282 zero_ratio=0.522950 two_zeros_ratio=0.717521
[layer_19.gate] calls=282 zero_ratio=0.480147 two_zeros_ratio=0.657140
[layer_19.k] calls=282 zero_ratio=0.476208 two_zeros_ratio=0.651165
[layer_19.o] calls=282 zero_ratio=0.455827 two_zeros_ratio=0.551214
[layer_19.q] calls=282 zero_ratio=0.476208 two_zeros_ratio=0.651165
[layer_19.up] calls=282 zero_ratio=0.480147 two_zeros_ratio=0.657140
[layer_19.v] calls=282 zero_ratio=0.476208 two_zeros_ratio=0.651165
[layer_20.down] calls=282 zero_ratio=0.522898 two_zeros_ratio=0.717247
[layer_20.gate] calls=282 zero_ratio=0.480511 two_zeros_ratio=0.657495
[layer_20.k] calls=282 zero_ratio=0.476833 two_zeros_ratio=0.651810
[layer_20.o] calls=282 zero_ratio=0.460153 two_zeros_ratio=0.548709
[layer_20.q] calls=282 zero_ratio=0.476833 two_zeros_ratio=0.651810
[layer_20.up] calls=282 zero_ratio=0.480511 two_zeros_ratio=0.657495
[layer_20.v] calls=282 zero_ratio=0.476833 two_zeros_ratio=0.651810
[layer_21.down] calls=282 zero_ratio=0.527842 two_zeros_ratio=0.723096
[layer_21.gate] calls=282 zero_ratio=0.485283 two_zeros_ratio=0.664625
[layer_21.k] calls=282 zero_ratio=0.478078 two_zeros_ratio=0.653689
[layer_21.o] calls=282 zero_ratio=0.517062 two_zeros_ratio=0.597519
[layer_21.q] calls=282 zero_ratio=0.858567 two_zeros_ratio=0.981323
[layer_21.up] calls=282 zero_ratio=0.485283 two_zeros_ratio=0.664625
[layer_21.v] calls=282 zero_ratio=0.533758 two_zeros_ratio=0.734762
[layer_22.down] calls=282 zero_ratio=0.533671 two_zeros_ratio=0.729929
[layer_22.gate] calls=282 zero_ratio=0.491966 two_zeros_ratio=0.674399
[layer_22.k] calls=282 zero_ratio=0.518426 two_zeros_ratio=0.712897
[layer_22.o] calls=282 zero_ratio=0.590333 two_zeros_ratio=0.676477
[layer_22.q] calls=282 zero_ratio=0.488817 two_zeros_ratio=0.669628
[layer_22.up] calls=282 zero_ratio=0.491966 two_zeros_ratio=0.674399
[layer_22.v] calls=282 zero_ratio=0.661017 two_zeros_ratio=0.878220
[layer_23.down] calls=282 zero_ratio=0.527326 two_zeros_ratio=0.720406
[layer_23.gate] calls=282 zero_ratio=0.578900 two_zeros_ratio=0.791452
[layer_23.k] calls=282 zero_ratio=0.979512 two_zeros_ratio=0.990234
[layer_23.o] calls=282 zero_ratio=0.612988 two_zeros_ratio=0.712143
[layer_23.q] calls=282 zero_ratio=0.495486 two_zeros_ratio=0.679046
[layer_23.up] calls=282 zero_ratio=0.519274 two_zeros_ratio=0.713572
[layer_23.v] calls=282 zero_ratio=0.495486 two_zeros_ratio=0.679046
[layer_24.down] calls=282 zero_ratio=0.537161 two_zeros_ratio=0.733594
[layer_24.gate] calls=282 zero_ratio=0.499659 two_zeros_ratio=0.684801
[layer_24.k] calls=282 zero_ratio=0.500633 two_zeros_ratio=0.686114
[layer_24.o] calls=282 zero_ratio=0.472485 two_zeros_ratio=0.588134
[layer_24.q] calls=282 zero_ratio=0.500633 two_zeros_ratio=0.686114
[layer_24.up] calls=282 zero_ratio=0.499659 two_zeros_ratio=0.684801
[layer_24.v] calls=282 zero_ratio=0.500633 two_zeros_ratio=0.686114
[layer_25.down] calls=282 zero_ratio=0.536373 two_zeros_ratio=0.733021
[layer_25.gate] calls=282 zero_ratio=0.503884 two_zeros_ratio=0.690678
[layer_25.k] calls=282 zero_ratio=0.501127 two_zeros_ratio=0.686804
[layer_25.o] calls=282 zero_ratio=0.496539 two_zeros_ratio=0.615129
[layer_25.q] calls=282 zero_ratio=0.501127 two_zeros_ratio=0.686804
[layer_25.up] calls=282 zero_ratio=0.503884 two_zeros_ratio=0.690678
[layer_25.v] calls=282 zero_ratio=0.501127 two_zeros_ratio=0.686804
[layer_26.down] calls=282 zero_ratio=0.532717 two_zeros_ratio=0.728877
[layer_26.gate] calls=282 zero_ratio=0.506599 two_zeros_ratio=0.694475
[layer_26.k] calls=282 zero_ratio=0.501328 two_zeros_ratio=0.687423
[layer_26.o] calls=282 zero_ratio=0.477660 two_zeros_ratio=0.555847
[layer_26.q] calls=282 zero_ratio=0.501328 two_zeros_ratio=0.687423
[layer_26.up] calls=282 zero_ratio=0.506599 two_zeros_ratio=0.694475
[layer_26.v] calls=282 zero_ratio=0.501328 two_zeros_ratio=0.687423
[layer_27.down] calls=282 zero_ratio=0.529476 two_zeros_ratio=0.724871
[layer_27.gate] calls=282 zero_ratio=0.507477 two_zeros_ratio=0.696018
[layer_27.k] calls=282 zero_ratio=0.504543 two_zeros_ratio=0.691885
[layer_27.o] calls=282 zero_ratio=0.495208 two_zeros_ratio=0.569579
[layer_27.q] calls=282 zero_ratio=0.504543 two_zeros_ratio=0.691885
[layer_27.up] calls=282 zero_ratio=0.507477 two_zeros_ratio=0.696018
[layer_27.v] calls=282 zero_ratio=0.504543 two_zeros_ratio=0.691885
[layer_28.down] calls=282 zero_ratio=0.523075 two_zeros_ratio=0.717409
[layer_28.gate] calls=282 zero_ratio=0.506331 two_zeros_ratio=0.694441
[layer_28.k] calls=282 zero_ratio=0.503874 two_zeros_ratio=0.691527
[layer_28.o] calls=282 zero_ratio=0.469244 two_zeros_ratio=0.547157
[layer_28.q] calls=282 zero_ratio=0.503874 two_zeros_ratio=0.691527
[layer_28.up] calls=282 zero_ratio=0.506331 two_zeros_ratio=0.694441
[layer_28.v] calls=282 zero_ratio=0.503874 two_zeros_ratio=0.691527
[layer_29.down] calls=282 zero_ratio=0.521716 two_zeros_ratio=0.716255
[layer_29.gate] calls=282 zero_ratio=0.506896 two_zeros_ratio=0.695646
[layer_29.k] calls=282 zero_ratio=0.504219 two_zeros_ratio=0.692336
[layer_29.o] calls=282 zero_ratio=0.500890 two_zeros_ratio=0.573773
[layer_29.q] calls=282 zero_ratio=0.504219 two_zeros_ratio=0.692336
[layer_29.up] calls=282 zero_ratio=0.506896 two_zeros_ratio=0.695646
[layer_29.v] calls=282 zero_ratio=0.504219 two_zeros_ratio=0.692336
[layer_30.down] calls=282 zero_ratio=0.516122 two_zeros_ratio=0.708109
[layer_30.gate] calls=282 zero_ratio=0.498023 two_zeros_ratio=0.683279
[layer_30.k] calls=282 zero_ratio=0.592526 two_zeros_ratio=0.809128
[layer_30.o] calls=282 zero_ratio=0.471246 two_zeros_ratio=0.563836
[layer_30.q] calls=282 zero_ratio=0.500339 two_zeros_ratio=0.687153
[layer_30.up] calls=282 zero_ratio=0.498023 two_zeros_ratio=0.683279
[layer_30.v] calls=282 zero_ratio=0.500339 two_zeros_ratio=0.687153
[layer_31.down] calls=282 zero_ratio=0.507512 two_zeros_ratio=0.696002
[layer_31.gate] calls=282 zero_ratio=0.497945 two_zeros_ratio=0.683694
[layer_31.k] calls=282 zero_ratio=0.497131 two_zeros_ratio=0.683282
[layer_31.o] calls=282 zero_ratio=0.463926 two_zeros_ratio=0.547980
[layer_31.q] calls=282 zero_ratio=0.497131 two_zeros_ratio=0.683282
[layer_31.up] calls=282 zero_ratio=0.497945 two_zeros_ratio=0.683694
[layer_31.v] calls=282 zero_ratio=0.497131 two_zeros_ratio=0.683282

[avg.down] calls=9024 zero_ratio=0.523326 two_zeros_ratio=0.717185
[avg.gate] calls=9024 zero_ratio=0.496449 two_zeros_ratio=0.678592
[avg.k] calls=9024 zero_ratio=0.518525 two_zeros_ratio=0.690462
[avg.o] calls=9024 zero_ratio=0.490358 two_zeros_ratio=0.589364
[avg.q] calls=9024 zero_ratio=0.531926 two_zeros_ratio=0.708695
[avg.up] calls=9024 zero_ratio=0.493523 two_zeros_ratio=0.675154
[avg.v] calls=9024 zero_ratio=0.507103 two_zeros_ratio=0.686343
