[layer_00.down] calls=141 zero_ratio=0.251932 two_zeros_ratio=0.339386
[layer_00.gate] calls=141 zero_ratio=0.243971 two_zeros_ratio=0.325099
[layer_00.k] calls=141 zero_ratio=0.245015 two_zeros_ratio=0.332108
[layer_00.o] calls=141 zero_ratio=0.137361 two_zeros_ratio=0.157675
[layer_00.q] calls=141 zero_ratio=0.245015 two_zeros_ratio=0.332108
[layer_00.up] calls=141 zero_ratio=0.243971 two_zeros_ratio=0.325099
[layer_00.v] calls=141 zero_ratio=0.245015 two_zeros_ratio=0.332108
[layer_01.down] calls=141 zero_ratio=0.257314 two_zeros_ratio=0.347396
[layer_01.gate] calls=141 zero_ratio=0.245783 two_zeros_ratio=0.332653
[layer_01.k] calls=141 zero_ratio=0.251371 two_zeros_ratio=0.340063
[layer_01.o] calls=141 zero_ratio=0.228895 two_zeros_ratio=0.290012
[layer_01.q] calls=141 zero_ratio=0.251371 two_zeros_ratio=0.340063
[layer_01.up] calls=141 zero_ratio=0.245783 two_zeros_ratio=0.332653
[layer_01.v] calls=141 zero_ratio=0.251371 two_zeros_ratio=0.340063
[layer_02.down] calls=141 zero_ratio=0.251976 two_zeros_ratio=0.342853
[layer_02.gate] calls=141 zero_ratio=0.243948 two_zeros_ratio=0.331549
[layer_02.k] calls=141 zero_ratio=0.247485 two_zeros_ratio=0.336785
[layer_02.o] calls=141 zero_ratio=0.219176 two_zeros_ratio=0.272459
[layer_02.q] calls=141 zero_ratio=0.247485 two_zeros_ratio=0.336785
[layer_02.up] calls=141 zero_ratio=0.243948 two_zeros_ratio=0.331549
[layer_02.v] calls=141 zero_ratio=0.247485 two_zeros_ratio=0.336785
[layer_03.down] calls=141 zero_ratio=0.258176 two_zeros_ratio=0.353262
[layer_03.gate] calls=141 zero_ratio=0.243911 two_zeros_ratio=0.332242
[layer_03.k] calls=141 zero_ratio=0.243583 two_zeros_ratio=0.331644
[layer_03.o] calls=141 zero_ratio=0.271253 two_zeros_ratio=0.329658
[layer_03.q] calls=141 zero_ratio=0.243583 two_zeros_ratio=0.331644
[layer_03.up] calls=141 zero_ratio=0.243911 two_zeros_ratio=0.332242
[layer_03.v] calls=141 zero_ratio=0.243583 two_zeros_ratio=0.331644
[layer_04.down] calls=141 zero_ratio=0.259112 two_zeros_ratio=0.355564
[layer_04.gate] calls=141 zero_ratio=0.243500 two_zeros_ratio=0.332201
[layer_04.k] calls=141 zero_ratio=0.243172 two_zeros_ratio=0.331622
[layer_04.o] calls=141 zero_ratio=0.274967 two_zeros_ratio=0.326384
[layer_04.q] calls=141 zero_ratio=0.243172 two_zeros_ratio=0.331622
[layer_04.up] calls=141 zero_ratio=0.243500 two_zeros_ratio=0.332201
[layer_04.v] calls=141 zero_ratio=0.243172 two_zeros_ratio=0.331622
[layer_05.down] calls=141 zero_ratio=0.253245 two_zeros_ratio=0.347459
[layer_05.gate] calls=141 zero_ratio=0.242117 two_zeros_ratio=0.330247
[layer_05.k] calls=141 zero_ratio=0.239748 two_zeros_ratio=0.326350
[layer_05.o] calls=141 zero_ratio=0.254988 two_zeros_ratio=0.303939
[layer_05.q] calls=141 zero_ratio=0.239748 two_zeros_ratio=0.326350
[layer_05.up] calls=141 zero_ratio=0.242117 two_zeros_ratio=0.330247
[layer_05.v] calls=141 zero_ratio=0.239748 two_zeros_ratio=0.326350
[layer_06.down] calls=141 zero_ratio=0.254590 two_zeros_ratio=0.349510
[layer_06.gate] calls=141 zero_ratio=0.240902 two_zeros_ratio=0.328574
[layer_06.k] calls=141 zero_ratio=0.238139 two_zeros_ratio=0.324179
[layer_06.o] calls=141 zero_ratio=0.257701 two_zeros_ratio=0.313192
[layer_06.q] calls=141 zero_ratio=0.238139 two_zeros_ratio=0.324179
[layer_06.up] calls=141 zero_ratio=0.240902 two_zeros_ratio=0.328574
[layer_06.v] calls=141 zero_ratio=0.238139 two_zeros_ratio=0.324179
[layer_07.down] calls=141 zero_ratio=0.253133 two_zeros_ratio=0.347659
[layer_07.gate] calls=141 zero_ratio=0.238908 two_zeros_ratio=0.325515
[layer_07.k] calls=141 zero_ratio=0.236130 two_zeros_ratio=0.321155
[layer_07.o] calls=141 zero_ratio=0.262049 two_zeros_ratio=0.331309
[layer_07.q] calls=141 zero_ratio=0.236130 two_zeros_ratio=0.321155
[layer_07.up] calls=141 zero_ratio=0.238908 two_zeros_ratio=0.325515
[layer_07.v] calls=141 zero_ratio=0.236130 two_zeros_ratio=0.321155
[layer_08.down] calls=141 zero_ratio=0.257652 two_zeros_ratio=0.354107
[layer_08.gate] calls=141 zero_ratio=0.238714 two_zeros_ratio=0.325431
[layer_08.k] calls=141 zero_ratio=0.233263 two_zeros_ratio=0.316737
[layer_08.o] calls=141 zero_ratio=0.243181 two_zeros_ratio=0.307805
[layer_08.q] calls=141 zero_ratio=0.233263 two_zeros_ratio=0.316737
[layer_08.up] calls=141 zero_ratio=0.238714 two_zeros_ratio=0.325431
[layer_08.v] calls=141 zero_ratio=0.233263 two_zeros_ratio=0.316737
[layer_09.down] calls=141 zero_ratio=0.255480 two_zeros_ratio=0.351041
[layer_09.gate] calls=141 zero_ratio=0.238275 two_zeros_ratio=0.324881
[layer_09.k] calls=141 zero_ratio=0.231010 two_zeros_ratio=0.313237
[layer_09.o] calls=141 zero_ratio=0.239417 two_zeros_ratio=0.301854
[layer_09.q] calls=141 zero_ratio=0.231010 two_zeros_ratio=0.313237
[layer_09.up] calls=141 zero_ratio=0.238275 two_zeros_ratio=0.324881
[layer_09.v] calls=141 zero_ratio=0.231010 two_zeros_ratio=0.313237
[layer_10.down] calls=141 zero_ratio=0.256235 two_zeros_ratio=0.352105
[layer_10.gate] calls=141 zero_ratio=0.237204 two_zeros_ratio=0.323268
[layer_10.k] calls=141 zero_ratio=0.229417 two_zeros_ratio=0.310694
[layer_10.o] calls=141 zero_ratio=0.231090 two_zeros_ratio=0.283235
[layer_10.q] calls=141 zero_ratio=0.229417 two_zeros_ratio=0.310694
[layer_10.up] calls=141 zero_ratio=0.237204 two_zeros_ratio=0.323268
[layer_10.v] calls=141 zero_ratio=0.229417 two_zeros_ratio=0.310694
[layer_11.down] calls=141 zero_ratio=0.256249 two_zeros_ratio=0.352181
[layer_11.gate] calls=141 zero_ratio=0.235927 two_zeros_ratio=0.321292
[layer_11.k] calls=141 zero_ratio=0.229097 two_zeros_ratio=0.310170
[layer_11.o] calls=141 zero_ratio=0.253885 two_zeros_ratio=0.324444
[layer_11.q] calls=141 zero_ratio=0.229097 two_zeros_ratio=0.310170
[layer_11.up] calls=141 zero_ratio=0.235927 two_zeros_ratio=0.321292
[layer_11.v] calls=141 zero_ratio=0.229097 two_zeros_ratio=0.310170
[layer_12.down] calls=141 zero_ratio=0.248546 two_zeros_ratio=0.340970
[layer_12.gate] calls=141 zero_ratio=0.230733 two_zeros_ratio=0.312979
[layer_12.k] calls=141 zero_ratio=0.228904 two_zeros_ratio=0.309841
[layer_12.o] calls=141 zero_ratio=0.241993 two_zeros_ratio=0.310141
[layer_12.q] calls=141 zero_ratio=0.228904 two_zeros_ratio=0.309841
[layer_12.up] calls=141 zero_ratio=0.230733 two_zeros_ratio=0.312979
[layer_12.v] calls=141 zero_ratio=0.228904 two_zeros_ratio=0.309841
[layer_13.down] calls=141 zero_ratio=0.251659 two_zeros_ratio=0.345340
[layer_13.gate] calls=141 zero_ratio=0.231378 two_zeros_ratio=0.313999
[layer_13.k] calls=141 zero_ratio=0.219574 two_zeros_ratio=0.294564
[layer_13.o] calls=141 zero_ratio=0.239225 two_zeros_ratio=0.292634
[layer_13.q] calls=141 zero_ratio=0.219574 two_zeros_ratio=0.294564
[layer_13.up] calls=141 zero_ratio=0.231378 two_zeros_ratio=0.313999
[layer_13.v] calls=141 zero_ratio=0.219574 two_zeros_ratio=0.294564
[layer_14.down] calls=141 zero_ratio=0.250459 two_zeros_ratio=0.343770
[layer_14.gate] calls=141 zero_ratio=0.229672 two_zeros_ratio=0.311248
[layer_14.k] calls=141 zero_ratio=0.223665 two_zeros_ratio=0.301262
[layer_14.o] calls=141 zero_ratio=0.228776 two_zeros_ratio=0.282040
[layer_14.q] calls=141 zero_ratio=0.223665 two_zeros_ratio=0.301262
[layer_14.up] calls=141 zero_ratio=0.229672 two_zeros_ratio=0.311248
[layer_14.v] calls=141 zero_ratio=0.223665 two_zeros_ratio=0.301262
[layer_15.down] calls=141 zero_ratio=0.247822 two_zeros_ratio=0.339643
[layer_15.gate] calls=141 zero_ratio=0.233205 two_zeros_ratio=0.316976
[layer_15.k] calls=141 zero_ratio=0.220633 two_zeros_ratio=0.296302
[layer_15.o] calls=141 zero_ratio=0.245100 two_zeros_ratio=0.288659
[layer_15.q] calls=141 zero_ratio=0.220633 two_zeros_ratio=0.296302
[layer_15.up] calls=141 zero_ratio=0.233205 two_zeros_ratio=0.316976
[layer_15.v] calls=141 zero_ratio=0.220633 two_zeros_ratio=0.296302
[layer_16.down] calls=141 zero_ratio=0.244733 two_zeros_ratio=0.334731
[layer_16.gate] calls=141 zero_ratio=0.231232 two_zeros_ratio=0.313846
[layer_16.k] calls=141 zero_ratio=0.226434 two_zeros_ratio=0.305766
[layer_16.o] calls=141 zero_ratio=0.242478 two_zeros_ratio=0.284656
[layer_16.q] calls=141 zero_ratio=0.226434 two_zeros_ratio=0.305766
[layer_16.up] calls=141 zero_ratio=0.231232 two_zeros_ratio=0.313846
[layer_16.v] calls=141 zero_ratio=0.226434 two_zeros_ratio=0.305766
[layer_17.down] calls=141 zero_ratio=0.239200 two_zeros_ratio=0.326006
[layer_17.gate] calls=141 zero_ratio=0.229885 two_zeros_ratio=0.311742
[layer_17.k] calls=141 zero_ratio=0.221886 two_zeros_ratio=0.298421
[layer_17.o] calls=141 zero_ratio=0.220195 two_zeros_ratio=0.253273
[layer_17.q] calls=141 zero_ratio=0.221886 two_zeros_ratio=0.298421
[layer_17.up] calls=141 zero_ratio=0.229885 two_zeros_ratio=0.311742
[layer_17.v] calls=141 zero_ratio=0.221886 two_zeros_ratio=0.298421
[layer_18.down] calls=141 zero_ratio=0.236820 two_zeros_ratio=0.322190
[layer_18.gate] calls=141 zero_ratio=0.226802 two_zeros_ratio=0.306882
[layer_18.k] calls=141 zero_ratio=0.225072 two_zeros_ratio=0.303695
[layer_18.o] calls=141 zero_ratio=0.227014 two_zeros_ratio=0.262408
[layer_18.q] calls=141 zero_ratio=0.225072 two_zeros_ratio=0.303695
[layer_18.up] calls=141 zero_ratio=0.226802 two_zeros_ratio=0.306882
[layer_18.v] calls=141 zero_ratio=0.225072 two_zeros_ratio=0.303695
[layer_19.down] calls=141 zero_ratio=0.234441 two_zeros_ratio=0.318177
[layer_19.gate] calls=141 zero_ratio=0.227497 two_zeros_ratio=0.307994
[layer_19.k] calls=141 zero_ratio=0.224122 two_zeros_ratio=0.302189
[layer_19.o] calls=141 zero_ratio=0.228187 two_zeros_ratio=0.275910
[layer_19.q] calls=141 zero_ratio=0.224122 two_zeros_ratio=0.302189
[layer_19.up] calls=141 zero_ratio=0.227497 two_zeros_ratio=0.307994
[layer_19.v] calls=141 zero_ratio=0.224122 two_zeros_ratio=0.302189
[layer_20.down] calls=141 zero_ratio=0.236831 two_zeros_ratio=0.321862
[layer_20.gate] calls=141 zero_ratio=0.229658 two_zeros_ratio=0.311405
[layer_20.k] calls=141 zero_ratio=0.225677 two_zeros_ratio=0.304636
[layer_20.o] calls=141 zero_ratio=0.241769 two_zeros_ratio=0.285901
[layer_20.q] calls=141 zero_ratio=0.225677 two_zeros_ratio=0.304636
[layer_20.up] calls=141 zero_ratio=0.229658 two_zeros_ratio=0.311405
[layer_20.v] calls=141 zero_ratio=0.225677 two_zeros_ratio=0.304636
[layer_21.down] calls=141 zero_ratio=0.232330 two_zeros_ratio=0.314416
[layer_21.gate] calls=141 zero_ratio=0.229427 two_zeros_ratio=0.310911
[layer_21.k] calls=141 zero_ratio=0.228575 two_zeros_ratio=0.309340
[layer_21.o] calls=141 zero_ratio=0.218138 two_zeros_ratio=0.252000
[layer_21.q] calls=141 zero_ratio=0.228575 two_zeros_ratio=0.309340
[layer_21.up] calls=141 zero_ratio=0.229427 two_zeros_ratio=0.310911
[layer_21.v] calls=141 zero_ratio=0.228575 two_zeros_ratio=0.309340
[layer_22.down] calls=141 zero_ratio=0.231132 two_zeros_ratio=0.312106
[layer_22.gate] calls=141 zero_ratio=0.229810 two_zeros_ratio=0.311492
[layer_22.k] calls=141 zero_ratio=0.226201 two_zeros_ratio=0.305368
[layer_22.o] calls=141 zero_ratio=0.259548 two_zeros_ratio=0.304059
[layer_22.q] calls=141 zero_ratio=0.226201 two_zeros_ratio=0.305368
[layer_22.up] calls=141 zero_ratio=0.229810 two_zeros_ratio=0.311492
[layer_22.v] calls=141 zero_ratio=0.226201 two_zeros_ratio=0.305368
[layer_23.down] calls=141 zero_ratio=0.231916 two_zeros_ratio=0.313164
[layer_23.gate] calls=141 zero_ratio=0.230070 two_zeros_ratio=0.311739
[layer_23.k] calls=141 zero_ratio=0.229592 two_zeros_ratio=0.310648
[layer_23.o] calls=141 zero_ratio=0.212082 two_zeros_ratio=0.262403
[layer_23.q] calls=141 zero_ratio=0.229592 two_zeros_ratio=0.310648
[layer_23.up] calls=141 zero_ratio=0.230070 two_zeros_ratio=0.311739
[layer_23.v] calls=141 zero_ratio=0.229592 two_zeros_ratio=0.310648
[layer_24.down] calls=141 zero_ratio=0.232679 two_zeros_ratio=0.314271
[layer_24.gate] calls=141 zero_ratio=0.229861 two_zeros_ratio=0.311209
[layer_24.k] calls=141 zero_ratio=0.230262 two_zeros_ratio=0.311554
[layer_24.o] calls=141 zero_ratio=0.177741 two_zeros_ratio=0.225045
[layer_24.q] calls=141 zero_ratio=0.230262 two_zeros_ratio=0.311554
[layer_24.up] calls=141 zero_ratio=0.229861 two_zeros_ratio=0.311209
[layer_24.v] calls=141 zero_ratio=0.230262 two_zeros_ratio=0.311554
[layer_25.down] calls=141 zero_ratio=0.236181 two_zeros_ratio=0.319932
[layer_25.gate] calls=141 zero_ratio=0.229498 two_zeros_ratio=0.310527
[layer_25.k] calls=141 zero_ratio=0.230783 two_zeros_ratio=0.312390
[layer_25.o] calls=141 zero_ratio=0.204102 two_zeros_ratio=0.259243
[layer_25.q] calls=141 zero_ratio=0.230783 two_zeros_ratio=0.312390
[layer_25.up] calls=141 zero_ratio=0.229498 two_zeros_ratio=0.310527
[layer_25.v] calls=141 zero_ratio=0.230783 two_zeros_ratio=0.312390
[layer_26.down] calls=141 zero_ratio=0.237769 two_zeros_ratio=0.322717
[layer_26.gate] calls=141 zero_ratio=0.226935 two_zeros_ratio=0.306359
[layer_26.k] calls=141 zero_ratio=0.226781 two_zeros_ratio=0.306121
[layer_26.o] calls=141 zero_ratio=0.211679 two_zeros_ratio=0.249888
[layer_26.q] calls=141 zero_ratio=0.226781 two_zeros_ratio=0.306121
[layer_26.up] calls=141 zero_ratio=0.226935 two_zeros_ratio=0.306359
[layer_26.v] calls=141 zero_ratio=0.226781 two_zeros_ratio=0.306121
[layer_27.down] calls=141 zero_ratio=0.241934 two_zeros_ratio=0.329261
[layer_27.gate] calls=141 zero_ratio=0.229636 two_zeros_ratio=0.310764
[layer_27.k] calls=141 zero_ratio=0.230648 two_zeros_ratio=0.312246
[layer_27.o] calls=141 zero_ratio=0.203125 two_zeros_ratio=0.240386
[layer_27.q] calls=141 zero_ratio=0.230648 two_zeros_ratio=0.312246
[layer_27.up] calls=141 zero_ratio=0.229636 two_zeros_ratio=0.310764
[layer_27.v] calls=141 zero_ratio=0.230648 two_zeros_ratio=0.312246
[layer_28.down] calls=141 zero_ratio=0.240474 two_zeros_ratio=0.327543
[layer_28.gate] calls=141 zero_ratio=0.229285 two_zeros_ratio=0.310241
[layer_28.k] calls=141 zero_ratio=0.231792 two_zeros_ratio=0.314264
[layer_28.o] calls=141 zero_ratio=0.220849 two_zeros_ratio=0.258712
[layer_28.q] calls=141 zero_ratio=0.231792 two_zeros_ratio=0.314264
[layer_28.up] calls=141 zero_ratio=0.229285 two_zeros_ratio=0.310241
[layer_28.v] calls=141 zero_ratio=0.231792 two_zeros_ratio=0.314264
[layer_29.down] calls=141 zero_ratio=0.241596 two_zeros_ratio=0.329575
[layer_29.gate] calls=141 zero_ratio=0.230028 two_zeros_ratio=0.311507
[layer_29.k] calls=141 zero_ratio=0.232109 two_zeros_ratio=0.314866
[layer_29.o] calls=141 zero_ratio=0.195334 two_zeros_ratio=0.236962
[layer_29.q] calls=141 zero_ratio=0.232109 two_zeros_ratio=0.314866
[layer_29.up] calls=141 zero_ratio=0.230028 two_zeros_ratio=0.311507
[layer_29.v] calls=141 zero_ratio=0.232109 two_zeros_ratio=0.314866
[layer_30.down] calls=141 zero_ratio=0.239129 two_zeros_ratio=0.325654
[layer_30.gate] calls=141 zero_ratio=0.225101 two_zeros_ratio=0.303766
[layer_30.k] calls=141 zero_ratio=0.232132 two_zeros_ratio=0.315071
[layer_30.o] calls=141 zero_ratio=0.221036 two_zeros_ratio=0.266378
[layer_30.q] calls=141 zero_ratio=0.232132 two_zeros_ratio=0.315071
[layer_30.up] calls=141 zero_ratio=0.225101 two_zeros_ratio=0.303766
[layer_30.v] calls=141 zero_ratio=0.232132 two_zeros_ratio=0.315071
[layer_31.down] calls=141 zero_ratio=0.238615 two_zeros_ratio=0.325023
[layer_31.gate] calls=141 zero_ratio=0.227726 two_zeros_ratio=0.308106
[layer_31.k] calls=141 zero_ratio=0.234601 two_zeros_ratio=0.319241
[layer_31.o] calls=141 zero_ratio=0.224366 two_zeros_ratio=0.264234
[layer_31.q] calls=141 zero_ratio=0.234601 two_zeros_ratio=0.319241
[layer_31.up] calls=141 zero_ratio=0.227726 two_zeros_ratio=0.308106
[layer_31.v] calls=141 zero_ratio=0.234601 two_zeros_ratio=0.319241

[avg.down] calls=4512 zero_ratio=0.245605 two_zeros_ratio=0.334965
[avg.gate] calls=4512 zero_ratio=0.233769 two_zeros_ratio=0.317083
[avg.k] calls=4512 zero_ratio=0.231777 two_zeros_ratio=0.313829
[avg.o] calls=4512 zero_ratio=0.229272 two_zeros_ratio=0.278028
[avg.q] calls=4512 zero_ratio=0.231777 two_zeros_ratio=0.313829
[avg.up] calls=4512 zero_ratio=0.233769 two_zeros_ratio=0.317083
[avg.v] calls=4512 zero_ratio=0.231777 two_zeros_ratio=0.313829
